# JRE version: OpenJDK Runtime Environment Temurin-21.0.11+10 (21.0.11+10) (build 21.0.11+10-LTS)
# Java VM: OpenJDK 64-Bit Server VM Temurin-21.0.11+10 (21.0.11+10-LTS, mixed mode, sharing, tiered, compressed oops, compressed class ptrs, parallel gc, windows-amd64)
GC Precious Log:
 CardTable entry size: 512
 CPUs: 12 total, 12 available
 Memory: 7518M
 Large Page Support: Disabled
 NUMA Support: Disabled
 Compressed Oops: Enabled (32-bit)
 Alignments: Space 512K, Generation 512K, Heap 2M
 Heap Min Capacity: 100M
 Heap Initial Capacity: 100M
 Heap Max Capacity: 2G
 Pre-touch: Disabled
 Parallel Workers: 10
Heap:
 PSYoungGen      total 4608K, used 2226K [0x00000000d5580000, 0x00000000d5d00000, 0x0000000100000000)
  eden space 4096K, 46% used [0x00000000d5580000,0x00000000d575c938,0x00000000d5980000)
  from space 512K, 62% used [0x00000000d5c80000,0x00000000d5cd0000,0x00000000d5d00000)
  to   space 512K, 0% used [0x00000000d5c00000,0x00000000d5c00000,0x00000000d5c80000)
 ParOldGen       total 193024K, used 192823K [0x0000000080000000, 0x000000008bc80000, 0x00000000d5580000)
  object space 193024K, 99% used [0x0000000080000000,0x000000008bc4deb0,0x000000008bc80000)
 Metaspace       used 78241K, committed 80000K, reserved 1179648K
  class space    used 9835K, committed 10624K, reserved 1048576K
GC Heap History (20 events):
Event: 52.614 GC heap before
{Heap before GC invocations=474 (full 3):
 PSYoungGen      total 4608K, used 4416K [0x00000000d5580000, 0x00000000d5c00000, 0x0000000100000000)
  eden space 4096K, 100% used [0x00000000d5580000,0x00000000d5980000,0x00000000d5980000)
  from space 512K, 62% used [0x00000000d5b80000,0x00000000d5bd0000,0x00000000d5c00000)
  to   space 512K, 0% used [0x00000000d5a80000,0x00000000d5a80000,0x00000000d5b00000)
 ParOldGen       total 188416K, used 188041K [0x0000000080000000, 0x000000008b800000, 0x00000000d5580000)
  object space 188416K, 99% used [0x0000000080000000,0x000000008b7a24b0,0x000000008b800000)
 Metaspace       used 75718K, committed 77376K, reserved 1179648K
  class space    used 9356K, committed 10112K, reserved 1048576K
}
Event: 52.615 GC heap after
{Heap after GC invocations=474 (full 3):
 PSYoungGen      total 4608K, used 288K [0x00000000d5580000, 0x00000000d5c00000, 0x0000000100000000)
  eden space 4096K, 0% used [0x00000000d5580000,0x00000000d5580000,0x00000000d5980000)
  from space 512K, 56% used [0x00000000d5a80000,0x00000000d5ac8000,0x00000000d5b00000)
  to   space 512K, 0% used [0x00000000d5b80000,0x00000000d5b80000,0x00000000d5c00000)
 ParOldGen       total 188416K, used 188129K [0x0000000080000000, 0x000000008b800000, 0x00000000d5580000)
  object space 188416K, 99% used [0x0000000080000000,0x000000008b7b84b0,0x000000008b800000)
 Metaspace       used 75718K, committed 77376K, reserved 1179648K
  class space    used 9356K, committed 10112K, reserved 1048576K
}
Event: 52.662 GC heap before
{Heap before GC invocations=475 (full 3):
 PSYoungGen      total 4608K, used 4384K [0x00000000d5580000, 0x00000000d5c00000, 0x0000000100000000)
  eden space 4096K, 100% used [0x00000000d5580000,0x00000000d5980000,0x00000000d5980000)
  from space 512K, 56% used [0x00000000d5a80000,0x00000000d5ac8000,0x00000000d5b00000)
  to   space 512K, 0% used [0x00000000d5b80000,0x00000000d5b80000,0x00000000d5c00000)
 ParOldGen       total 188416K, used 188129K [0x0000000080000000, 0x000000008b800000, 0x00000000d5580000)
  object space 188416K, 99% used [0x0000000080000000,0x000000008b7b84b0,0x000000008b800000)
 Metaspace       used 75720K, committed 77376K, reserved 1179648K
  class space    used 9356K, committed 10112K, reserved 1048576K
}
Event: 52.663 GC heap after
{Heap after GC invocations=475 (full 3):
 PSYoungGen      total 4608K, used 510K [0x00000000d5580000, 0x00000000d5d80000, 0x0000000100000000)
  eden space 4096K, 0% used [0x00000000d5580000,0x00000000d5580000,0x00000000d5980000)
  from space 512K, 99% used [0x00000000d5b80000,0x00000000d5bff858,0x00000000d5c00000)
  to   space 2048K, 0% used [0x00000000d5980000,0x00000000d5980000,0x00000000d5b80000)
 ParOldGen       total 189440K, used 189342K [0x0000000080000000, 0x000000008b900000, 0x00000000d5580000)
  object space 189440K, 99% used [0x0000000080000000,0x000000008b8e7b58,0x000000008b900000)
 Metaspace       used 75720K, committed 77376K, reserved 1179648K
  class space    used 9356K, committed 10112K, reserved 1048576K
}
Event: 52.724 GC heap before
{Heap before GC invocations=476 (full 3):
 PSYoungGen      total 4608K, used 4606K [0x00000000d5580000, 0x00000000d5d80000, 0x0000000100000000)
  eden space 4096K, 100% used [0x00000000d5580000,0x00000000d5980000,0x00000000d5980000)
  from space 512K, 99% used [0x00000000d5b80000,0x00000000d5bff858,0x00000000d5c00000)
  to   space 2048K, 0% used [0x00000000d5980000,0x00000000d5980000,0x00000000d5b80000)
 ParOldGen       total 189440K, used 189342K [0x0000000080000000, 0x000000008b900000, 0x00000000d5580000)
  object space 189440K, 99% used [0x0000000080000000,0x000000008b8e7b58,0x000000008b900000)
 Metaspace       used 75783K, committed 77568K, reserved 1179648K
  class space    used 9370K, committed 10176K, reserved 1048576K
}
Event: 52.725 GC heap after
{Heap after GC invocations=476 (full 3):
 PSYoungGen      total 6144K, used 2018K [0x00000000d5580000, 0x00000000d5f80000, 0x0000000100000000)
  eden space 4096K, 0% used [0x00000000d5580000,0x00000000d5580000,0x00000000d5980000)
  from space 2048K, 98% used [0x00000000d5980000,0x00000000d5b78b00,0x00000000d5b80000)
  to   space 3072K, 0% used [0x00000000d5c80000,0x00000000d5c80000,0x00000000d5f80000)
 ParOldGen       total 190464K, used 189973K [0x0000000080000000, 0x000000008ba00000, 0x00000000d5580000)
  object space 190464K, 99% used [0x0000000080000000,0x000000008b9854e0,0x000000008ba00000)
 Metaspace       used 75783K, committed 77568K, reserved 1179648K
  class space    used 9370K, committed 10176K, reserved 1048576K
}
Event: 52.767 GC heap before
{Heap before GC invocations=477 (full 3):
 PSYoungGen      total 6144K, used 6114K [0x00000000d5580000, 0x00000000d5f80000, 0x0000000100000000)
  eden space 4096K, 100% used [0x00000000d5580000,0x00000000d5980000,0x00000000d5980000)
  from space 2048K, 98% used [0x00000000d5980000,0x00000000d5b78b00,0x00000000d5b80000)
  to   space 3072K, 0% used [0x00000000d5c80000,0x00000000d5c80000,0x00000000d5f80000)
 ParOldGen       total 190464K, used 189973K [0x0000000080000000, 0x000000008ba00000, 0x00000000d5580000)
  object space 190464K, 99% used [0x0000000080000000,0x000000008b9854e0,0x000000008ba00000)
 Metaspace       used 75994K, committed 77760K, reserved 1179648K
  class space    used 9425K, committed 10240K, reserved 1048576K
}
Event: 52.769 GC heap after
{Heap after GC invocations=477 (full 3):
 PSYoungGen      total 4608K, used 384K [0x00000000d5580000, 0x00000000d5d00000, 0x0000000100000000)
  eden space 4096K, 0% used [0x00000000d5580000,0x00000000d5580000,0x00000000d5980000)
  from space 512K, 75% used [0x00000000d5c80000,0x00000000d5ce0000,0x00000000d5d00000)
  to   space 1536K, 0% used [0x00000000d5a00000,0x00000000d5a00000,0x00000000d5b80000)
 ParOldGen       total 192000K, used 191922K [0x0000000080000000, 0x000000008bb80000, 0x00000000d5580000)
  object space 192000K, 99% used [0x0000000080000000,0x000000008bb6cb28,0x000000008bb80000)
 Metaspace       used 75994K, committed 77760K, reserved 1179648K
  class space    used 9425K, committed 10240K, reserved 1048576K
}
Event: 52.809 GC heap before
{Heap before GC invocations=478 (full 3):
 PSYoungGen      total 4608K, used 4480K [0x00000000d5580000, 0x00000000d5d00000, 0x0000000100000000)
  eden space 4096K, 100% used [0x00000000d5580000,0x00000000d5980000,0x00000000d5980000)
  from space 512K, 75% used [0x00000000d5c80000,0x00000000d5ce0000,0x00000000d5d00000)
  to   space 1536K, 0% used [0x00000000d5a00000,0x00000000d5a00000,0x00000000d5b80000)
 ParOldGen       total 192000K, used 191922K [0x0000000080000000, 0x000000008bb80000, 0x00000000d5580000)
  object space 192000K, 99% used [0x0000000080000000,0x000000008bb6cb28,0x000000008bb80000)
 Metaspace       used 76341K, committed 78080K, reserved 1179648K
  class space    used 9502K, committed 10304K, reserved 1048576K
}
Event: 52.809 GC heap after
{Heap after GC invocations=478 (full 3):
 PSYoungGen      total 5632K, used 336K [0x00000000d5580000, 0x00000000d5d00000, 0x0000000100000000)
  eden space 4096K, 0% used [0x00000000d5580000,0x00000000d5580000,0x00000000d5980000)
  from space 1536K, 21% used [0x00000000d5a00000,0x00000000d5a54010,0x00000000d5b80000)
  to   space 512K, 0% used [0x00000000d5c80000,0x00000000d5c80000,0x00000000d5d00000)
 ParOldGen       total 192512K, used 192130K [0x0000000080000000, 0x000000008bc00000, 0x00000000d5580000)
  object space 192512K, 99% used [0x0000000080000000,0x000000008bba0b28,0x000000008bc00000)
 Metaspace       used 76341K, committed 78080K, reserved 1179648K
  class space    used 9502K, committed 10304K, reserved 1048576K
}
Event: 52.847 GC heap before
{Heap before GC invocations=479 (full 3):
 PSYoungGen      total 5632K, used 4432K [0x00000000d5580000, 0x00000000d5d00000, 0x0000000100000000)
  eden space 4096K, 100% used [0x00000000d5580000,0x00000000d5980000,0x00000000d5980000)
  from space 1536K, 21% used [0x00000000d5a00000,0x00000000d5a54010,0x00000000d5b80000)
  to   space 512K, 0% used [0x00000000d5c80000,0x00000000d5c80000,0x00000000d5d00000)
 ParOldGen       total 192512K, used 192130K [0x0000000080000000, 0x000000008bc00000, 0x00000000d5580000)
  object space 192512K, 99% used [0x0000000080000000,0x000000008bba0b28,0x000000008bc00000)
 Metaspace       used 76770K, committed 78528K, reserved 1179648K
  class space    used 9586K, committed 10368K, reserved 1048576K
}
Event: 52.847 GC heap after
{Heap after GC invocations=479 (full 3):
 PSYoungGen      total 4608K, used 288K [0x00000000d5580000, 0x00000000d5d00000, 0x0000000100000000)
  eden space 4096K, 0% used [0x00000000d5580000,0x00000000d5580000,0x00000000d5980000)
  from space 512K, 56% used [0x00000000d5c80000,0x00000000d5cc8000,0x00000000d5d00000)
  to   space 512K, 0% used [0x00000000d5c00000,0x00000000d5c00000,0x00000000d5c80000)
 ParOldGen       total 192512K, used 192330K [0x0000000080000000, 0x000000008bc00000, 0x00000000d5580000)
  object space 192512K, 99% used [0x0000000080000000,0x000000008bbd2b58,0x000000008bc00000)
 Metaspace       used 76770K, committed 78528K, reserved 1179648K
  class space    used 9586K, committed 10368K, reserved 1048576K
}
Event: 52.888 GC heap before
{Heap before GC invocations=480 (full 3):
 PSYoungGen      total 4608K, used 4384K [0x00000000d5580000, 0x00000000d5d00000, 0x0000000100000000)
  eden space 4096K, 100% used [0x00000000d5580000,0x00000000d5980000,0x00000000d5980000)
  from space 512K, 56% used [0x00000000d5c80000,0x00000000d5cc8000,0x00000000d5d00000)
  to   space 512K, 0% used [0x00000000d5c00000,0x00000000d5c00000,0x00000000d5c80000)
 ParOldGen       total 192512K, used 192330K [0x0000000080000000, 0x000000008bc00000, 0x00000000d5580000)
  object space 192512K, 99% used [0x0000000080000000,0x000000008bbd2b58,0x000000008bc00000)
 Metaspace       used 77251K, committed 79040K, reserved 1179648K
  class space    used 9663K, committed 10496K, reserved 1048576K
}
Event: 52.889 GC heap after
{Heap after GC invocations=480 (full 3):
 PSYoungGen      total 4608K, used 288K [0x00000000d5580000, 0x00000000d5d00000, 0x0000000100000000)
  eden space 4096K, 0% used [0x00000000d5580000,0x00000000d5580000,0x00000000d5980000)
  from space 512K, 56% used [0x00000000d5c00000,0x00000000d5c48000,0x00000000d5c80000)
  to   space 512K, 0% used [0x00000000d5c80000,0x00000000d5c80000,0x00000000d5d00000)
 ParOldGen       total 192512K, used 192434K [0x0000000080000000, 0x000000008bc00000, 0x00000000d5580000)
  object space 192512K, 99% used [0x0000000080000000,0x000000008bbecb58,0x000000008bc00000)
 Metaspace       used 77251K, committed 79040K, reserved 1179648K
  class space    used 9663K, committed 10496K, reserved 1048576K
}
Event: 52.921 GC heap before
{Heap before GC invocations=481 (full 3):
 PSYoungGen      total 4608K, used 4384K [0x00000000d5580000, 0x00000000d5d00000, 0x0000000100000000)
  eden space 4096K, 100% used [0x00000000d5580000,0x00000000d5980000,0x00000000d5980000)
  from space 512K, 56% used [0x00000000d5c00000,0x00000000d5c48000,0x00000000d5c80000)
  to   space 512K, 0% used [0x00000000d5c80000,0x00000000d5c80000,0x00000000d5d00000)
 ParOldGen       total 192512K, used 192434K [0x0000000080000000, 0x000000008bc00000, 0x00000000d5580000)
  object space 192512K, 99% used [0x0000000080000000,0x000000008bbecb58,0x000000008bc00000)
 Metaspace       used 77643K, committed 79424K, reserved 1179648K
  class space    used 9740K, committed 10560K, reserved 1048576K
}
Event: 52.922 GC heap after
{Heap after GC invocations=481 (full 3):
 PSYoungGen      total 4608K, used 288K [0x00000000d5580000, 0x00000000d5d00000, 0x0000000100000000)
  eden space 4096K, 0% used [0x00000000d5580000,0x00000000d5580000,0x00000000d5980000)
  from space 512K, 56% used [0x00000000d5c80000,0x00000000d5cc8000,0x00000000d5d00000)
  to   space 512K, 0% used [0x00000000d5c00000,0x00000000d5c00000,0x00000000d5c80000)
 ParOldGen       total 193024K, used 192578K [0x0000000080000000, 0x000000008bc80000, 0x00000000d5580000)
  object space 193024K, 99% used [0x0000000080000000,0x000000008bc10b58,0x000000008bc80000)
 Metaspace       used 77643K, committed 79424K, reserved 1179648K
  class space    used 9740K, committed 10560K, reserved 1048576K
}
Event: 52.969 GC heap before
{Heap before GC invocations=482 (full 3):
 PSYoungGen      total 4608K, used 4384K [0x00000000d5580000, 0x00000000d5d00000, 0x0000000100000000)
  eden space 4096K, 100% used [0x00000000d5580000,0x00000000d5980000,0x00000000d5980000)
  from space 512K, 56% used [0x00000000d5c80000,0x00000000d5cc8000,0x00000000d5d00000)
  to   space 512K, 0% used [0x00000000d5c00000,0x00000000d5c00000,0x00000000d5c80000)
 ParOldGen       total 193024K, used 192578K [0x0000000080000000, 0x000000008bc80000, 0x00000000d5580000)
  object space 193024K, 99% used [0x0000000080000000,0x000000008bc10b58,0x000000008bc80000)
 Metaspace       used 78083K, committed 79872K, reserved 1179648K
  class space    used 9815K, committed 10624K, reserved 1048576K
}
Event: 52.970 GC heap after
{Heap after GC invocations=482 (full 3):
 PSYoungGen      total 4608K, used 288K [0x00000000d5580000, 0x00000000d5d00000, 0x0000000100000000)
  eden space 4096K, 0% used [0x00000000d5580000,0x00000000d5580000,0x00000000d5980000)
  from space 512K, 56% used [0x00000000d5c00000,0x00000000d5c48000,0x00000000d5c80000)
  to   space 512K, 0% used [0x00000000d5c80000,0x00000000d5c80000,0x00000000d5d00000)
 ParOldGen       total 193024K, used 192695K [0x0000000080000000, 0x000000008bc80000, 0x00000000d5580000)
  object space 193024K, 99% used [0x0000000080000000,0x000000008bc2deb0,0x000000008bc80000)
 Metaspace       used 78083K, committed 79872K, reserved 1179648K
  class space    used 9815K, committed 10624K, reserved 1048576K
}
Event: 53.062 GC heap before
{Heap before GC invocations=483 (full 3):
 PSYoungGen      total 4608K, used 4384K [0x00000000d5580000, 0x00000000d5d00000, 0x0000000100000000)
  eden space 4096K, 100% used [0x00000000d5580000,0x00000000d5980000,0x00000000d5980000)
  from space 512K, 56% used [0x00000000d5c00000,0x00000000d5c48000,0x00000000d5c80000)
  to   space 512K, 0% used [0x00000000d5c80000,0x00000000d5c80000,0x00000000d5d00000)
 ParOldGen       total 193024K, used 192695K [0x0000000080000000, 0x000000008bc80000, 0x00000000d5580000)
  object space 193024K, 99% used [0x0000000080000000,0x000000008bc2deb0,0x000000008bc80000)
 Metaspace       used 78241K, committed 80000K, reserved 1179648K
  class space    used 9835K, committed 10624K, reserved 1048576K
}
Event: 53.062 GC heap after
{Heap after GC invocations=483 (full 3):
 PSYoungGen      total 4608K, used 320K [0x00000000d5580000, 0x00000000d5d00000, 0x0000000100000000)
  eden space 4096K, 0% used [0x00000000d5580000,0x00000000d5580000,0x00000000d5980000)
  from space 512K, 62% used [0x00000000d5c80000,0x00000000d5cd0000,0x00000000d5d00000)
  to   space 512K, 0% used [0x00000000d5c00000,0x00000000d5c00000,0x00000000d5c80000)
 ParOldGen       total 193024K, used 192823K [0x0000000080000000, 0x000000008bc80000, 0x00000000d5580000)
  object space 193024K, 99% used [0x0000000080000000,0x000000008bc4deb0,0x000000008bc80000)
 Metaspace       used 78241K, committed 80000K, reserved 1179648K
  class space    used 9835K, committed 10624K, reserved 1048576K
}

